<?xml version="1.0" encoding="UTF-8"?>
<!-- Generated by org.testng.reporters.JUnitXMLReporter -->
<testsuite hostname="DESKTOP-NF15DBI" ignored="0" name="Default test" tests="2" failures="0" timestamp="10 Dec 2020 06:46:51 GMT" time="57.906" errors="0">
  <testcase name="createAccountCaseTest" time="12.651" classname="com.apparelStore.testCases.AccountCreationTests"/>
  <testcase name="createAccountTest" time="13.626" classname="com.apparelStore.testCases.AccountCreationTests"/>
</testsuite> <!-- Default test -->
